[2025-09-21T04:34:17.529463Z] Using source parent and creating job subfolder: C:\Users\mryej\Documents\Python\Marketing tools\Downloads\6d92ed35-b56d-4b0c-af9a-79104c69dd0c
[2025-09-21T04:34:17.530464Z] SCHEDULED by 74.7.35.124 src=C:\Users\mryej\Documents\Python\Marketing tools\Downloads\How to Sharpen the Blade on your Lawn Mower--A Quick Fix.mp4 job_dir=C:\Users\mryej\Documents\Python\Marketing tools\Downloads\6d92ed35-b56d-4b0c-af9a-79104c69dd0c recipe_path=C:\Users\mryej\Documents\Python\Marketing tools\Downloads\6d92ed35-b56d-4b0c-af9a-79104c69dd0c\recipe.json
[2025-09-21T04:34:17.539007Z] START job 6d92ed35-b56d-4b0c-af9a-79104c69dd0c job_dir=C:\Users\mryej\Documents\Python\Marketing tools\Downloads\6d92ed35-b56d-4b0c-af9a-79104c69dd0c
[2025-09-21T04:34:17.540003Z] CALLING adapter.process_recipe_in_jobdir (import)
[2025-09-21T04:34:17.541003Z] IMPORT CALL ERROR: Could not import l2s_core: expected an indented block after 'try' statement on line 1185 (l2s_core.py, line 1186)
Traceback (most recent call last):
  File "C:\Users\mryej\Documents\Python\Marketing tools\Long2Short\main.py", line 199, in _call_adapter
    res = adapter.process_recipe_in_jobdir(recipe_dict, job_dir)
          ^^^^^^^^^^^^^^^^^^^^^^^^^^^^^^^^^^^^^^^^^^^^^^^^^^^^^^
  File "C:\Users\mryej\Documents\Python\Marketing tools\Long2Short\l2s_core_adapter.py", line 89, in process_recipe_in_jobdir
    raise RuntimeError(f"Could not import l2s_core: {_CORE_IMPORT_ERR}")
RuntimeError: Could not import l2s_core: expected an indented block after 'try' statement on line 1185 (l2s_core.py, line 1186)

[2025-09-21T04:34:17.541003Z] Falling back to adapter subprocess
[2025-09-21T04:34:17.541003Z] FALLBACK_SUBPROCESS RUN: C:\Users\mryej\Documents\Python\Marketing tools\Long2Short\.venv\Scripts\python.exe C:\Users\mryej\Documents\Python\Marketing tools\Long2Short\l2s_core_adapter.py job_dir=C:\Users\mryej\Documents\Python\Marketing tools\Downloads\6d92ed35-b56d-4b0c-af9a-79104c69dd0c
[2025-09-21T04:34:17.617097Z] SUBPROCESS rc=2
[SUBPROCESS STDERR]
[ERROR] Could not import l2s_core: expected an indented block after 'try' statement on line 1185 (l2s_core.py, line 1186)

[2025-09-21T04:34:17.618097Z] UNEXPECTED EXCEPTION: Adapter subprocess failed or returned no result
Traceback (most recent call last):
  File "C:\Users\mryej\Documents\Python\Marketing tools\Long2Short\main.py", line 236, in _process_job
    result = _call_adapter(recipe_dict, str(job_dir), job_id)
             ^^^^^^^^^^^^^^^^^^^^^^^^^^^^^^^^^^^^^^^^^^^^^^^^
  File "C:\Users\mryej\Documents\Python\Marketing tools\Long2Short\main.py", line 212, in _call_adapter
    raise RuntimeError("Adapter subprocess failed or returned no result")
RuntimeError: Adapter subprocess failed or returned no result

