[2025-09-21T04:47:45.585210Z] Using source parent and creating job subfolder: C:\Users\mryej\Documents\Python\Marketing tools\Downloads\a04513b6-93de-4422-91b8-3391dc662950
[2025-09-21T04:47:45.586210Z] SCHEDULED by 74.7.35.112 src=C:\Users\mryej\Documents\Python\Marketing tools\Downloads\How to Sharpen the Blade on your Lawn Mower--A Quick Fix.mp4 job_dir=C:\Users\mryej\Documents\Python\Marketing tools\Downloads\a04513b6-93de-4422-91b8-3391dc662950 recipe_path=C:\Users\mryej\Documents\Python\Marketing tools\Downloads\a04513b6-93de-4422-91b8-3391dc662950\recipe.json
[2025-09-21T04:47:45.592754Z] START job a04513b6-93de-4422-91b8-3391dc662950 job_dir=C:\Users\mryej\Documents\Python\Marketing tools\Downloads\a04513b6-93de-4422-91b8-3391dc662950
[2025-09-21T04:47:45.593753Z] CALLING adapter.process_recipe_in_jobdir (import)
[2025-09-21T04:47:45.593753Z] IMPORT CALL ERROR: Could not import l2s_core: expected an indented block after 'try' statement on line 1185 (l2s_core.py, line 1186)
Traceback (most recent call last):
  File "C:\Users\mryej\Documents\Python\Marketing tools\Long2Short\main.py", line 131, in _call_adapter
    res = adapter.process_recipe_in_jobdir(recipe_dict, job_dir)
          ^^^^^^^^^^^^^^^^^^^^^^^^^^^^^^^^^^^^^^^^^^^^^^^^^^^^^^
  File "C:\Users\mryej\Documents\Python\Marketing tools\Long2Short\l2s_core_adapter.py", line 89, in process_recipe_in_jobdir
    raise RuntimeError(f"Could not import l2s_core: {_CORE_IMPORT_ERR}")
RuntimeError: Could not import l2s_core: expected an indented block after 'try' statement on line 1185 (l2s_core.py, line 1186)

[2025-09-21T04:47:45.595259Z] Falling back to adapter subprocess
[2025-09-21T04:47:45.595259Z] FALLBACK_SUBPROCESS RUN: C:\Users\mryej\Documents\Python\Marketing tools\Long2Short\.venv\Scripts\python.exe C:\Users\mryej\Documents\Python\Marketing tools\Long2Short\l2s_core_adapter.py job_dir=C:\Users\mryej\Documents\Python\Marketing tools\Downloads\a04513b6-93de-4422-91b8-3391dc662950
[2025-09-21T04:47:45.677487Z] SUBPROCESS rc=2
[SUBPROCESS STDERR]
[ERROR] Could not import l2s_core: expected an indented block after 'try' statement on line 1185 (l2s_core.py, line 1186)

[2025-09-21T04:47:45.678537Z] UNEXPECTED EXCEPTION: Adapter subprocess failed or returned no result
Traceback (most recent call last):
  File "C:\Users\mryej\Documents\Python\Marketing tools\Long2Short\main.py", line 168, in _process_job
    result = _call_adapter(recipe_dict, str(job_dir), job_id)
             ^^^^^^^^^^^^^^^^^^^^^^^^^^^^^^^^^^^^^^^^^^^^^^^^
  File "C:\Users\mryej\Documents\Python\Marketing tools\Long2Short\main.py", line 144, in _call_adapter
    raise RuntimeError("Adapter subprocess failed or returned no result")
RuntimeError: Adapter subprocess failed or returned no result

